<?xml version="1.0" encoding="UTF-8"?>
<!-- Generated by org.testng.reporters.JUnitXMLReporter -->
<testsuite ignored="0" hostname="DESKTOP-RRBKSRC" failures="0" tests="4" name="carloan" time="0.027" errors="0" timestamp="2024-03-18T21:21:28 IST">
  <testcase classname="test.Third" name="login" time="0.002"/>
  <testcase classname="test.Third" name="login" time="0.002"/>
  <testcase classname="test.Third" name="login" time="0.003"/>
  <testcase classname="test.Third" name="smokeFirst" time="0.004"/>
</testsuite> <!-- carloan -->
