<?xml version="1.0" encoding="UTF-8"?>
<!-- Generated by org.testng.reporters.JUnitXMLReporter -->
<testsuite ignored="3" hostname="DESKTOP-RRBKSRC" failures="1" tests="3" name="HomeLoan" time="0.132" errors="0" timestamp="2024-03-18T21:21:27 IST">
  <testcase classname="test.First" name="generalLogin" time="0.008"/>
  <testcase classname="test.First" name="mobileLogin" time="0.013">
    <failure type="java.lang.AssertionError" message="expected [true] but found [false]">
      <![CDATA[java.lang.AssertionError: expected [true] but found [false]
at test.First.mobileLogin(First.java:16)
at java.base/java.util.ArrayList.forEach(ArrayList.java:1511)
... Removed 31 stack frames]]>
    </failure>
  </testcase> <!-- mobileLogin -->
  <testcase classname="test.Second" name="mobilecats" time="0.006"/>
  <testcase classname="test.Second" name="cow" time="0.0">
    <ignored/>
  </testcase> <!-- cow -->
  <testcase classname="test.Second" name="mobiledogs" time="0.0">
    <ignored/>
  </testcase> <!-- mobiledogs -->
  <testcase classname="test.First" name="netBanking" time="0.0">
    <ignored/>
  </testcase> <!-- netBanking -->
</testsuite> <!-- HomeLoan -->
